
-events table 10/13/15
duration       | integer   | not null
date           | datetime  | not null


10/13/15: 2:53PM
-mainContent react div should only fire if logged in

-3:37PM - implement error: for ajax requests

-4:37PM - Remove TURBOLINKS!?!?!?

-11:38PM - ASK ABOUT FULL FLUX FLOW WITH VIEWS NOT CALLING APIUTIL


10/14/15

9:35AM Jon Wolverton explaining react router
  routes.draw do

  resources :users do
    resources :images
  end

  end

  /users/images...

  <Route '/independent' component={Comp1}>
    <Route '/urls' component={Comp2} />
  </Route>

  #/independent => Comp1

  #/urls => Comp1(Comp2)
  nesting is not how the routes are structured. it's how the components will be structured on the page


9:48AM
// how to make it the "current"
//<className="active" <span className="sr-only">(current)</span>

// old nav bar
// <nav className="navbar">
//   <div className="row">
//     <div className="col-xs-offset-1 col-xs-1">Logo</div>
//     <div className="col-xs-offset-6 col-xs-1">
//       Welcome, user # {window.CURRENT_USER_ID}
//     </div>
//     <div className="col-xs-1">
//     <button onClick={this.handleLogout}>Log out</button>
//     </div>
//   </div>
// </nav>
